#
# There is insufficient memory for the Java Runtime Environment to continue.
# Native memory allocation (mmap) failed to map 268435456 bytes for G1 virtual space
# Possible reasons:
#   The system is out of physical RAM or swap space
#   The process is running with CompressedOops enabled, and the Java Heap may be blocking the growth of the native heap
# Possible solutions:
#   Reduce memory load on the system
#   Increase physical memory or swap space
#   Check if swap backing store is full
#   Decrease Java heap size (-Xmx/-Xms)
#   Decrease number of Java threads
#   Decrease Java thread stack sizes (-Xss)
#   Set larger code cache with -XX:ReservedCodeCacheSize=
#   JVM is running with Zero Based Compressed Oops mode in which the Java heap is
#     placed in the first 32GB address space. The Java Heap base address is the
#     maximum limit for the native heap growth. Please use -XX:HeapBaseMinAddress
#     to set the Java Heap base and to place the Java Heap above 32GB virtual address.
# This output file may be truncated or incomplete.
#
#  Out of Memory Error (os_windows.cpp:3825), pid=9244, tid=3860
#
# JRE version:  (17.0.9+7) (build )
# Java VM: OpenJDK 64-Bit Server VM (17.0.9+7-b1087.7, mixed mode, sharing, tiered, compressed oops, compressed class ptrs, g1 gc, windows-amd64)
# No core dump will be written. Minidumps are not enabled by default on client versions of Windows
#

---------------  S U M M A R Y ------------

Command Line: git4idea.http.GitAskPassApp Username for 'https://github.com': 

Host: Intel(R) Core(TM) i7-7820HQ CPU @ 2.90GHz, 8 cores, 15G,  Windows 11 , 64 bit Build 22621 (10.0.22621.2070)
Time: Thu Feb 22 16:42:42 2024 Mitteleuropäische Zeit elapsed time: 0.012759 seconds (0d 0h 0m 0s)

---------------  T H R E A D  ---------------

Current thread (0x000001fb5e3190c0):  JavaThread "Unknown thread" [_thread_in_vm, id=3860, stack(0x00000076f9000000,0x00000076f9100000)]

Stack: [0x00000076f9000000,0x00000076f9100000]
Native frames: (J=compiled Java code, j=interpreted, Vv=VM code, C=native code)
V  [jvm.dll+0x6886e9]
V  [jvm.dll+0x841e4a]
V  [jvm.dll+0x843a8e]
V  [jvm.dll+0x8440f3]
V  [jvm.dll+0x24c14f]
V  [jvm.dll+0x685499]
V  [jvm.dll+0x679c2a]
V  [jvm.dll+0x30cf9b]
V  [jvm.dll+0x314446]
V  [jvm.dll+0x36425e]
V  [jvm.dll+0x36448f]
V  [jvm.dll+0x2e2d68]
V  [jvm.dll+0x2e3cd4]
V  [jvm.dll+0x8129f1]
V  [jvm.dll+0x3720c1]
V  [jvm.dll+0x7f152c]
V  [jvm.dll+0x3f5d4f]
V  [jvm.dll+0x3f7981]
C  [jli.dll+0x528f]
C  [ucrtbase.dll+0x29363]
C  [KERNEL32.DLL+0x126ad]
C  [ntdll.dll+0x5aa68]


---------------  P R O C E S S  ---------------

Threads class SMR info:
_java_thread_list=0x00007ffdd8f7ef18, length=0, elements={
}

Java Threads: ( => current thread )

Other Threads:
  0x000001fb5e385db0 GCTaskThread "GC Thread#0" [stack: 0x00000076f9100000,0x00000076f9200000] [id=2964]
  0x000001fb5e396a90 ConcurrentGCThread "G1 Main Marker" [stack: 0x00000076f9200000,0x00000076f9300000] [id=1536]
  0x000001fb5e397520 ConcurrentGCThread "G1 Conc#0" [stack: 0x00000076f9300000,0x00000076f9400000] [id=15532]

[error occurred during error reporting (printing all threads), id 0xc0000005, EXCEPTION_ACCESS_VIOLATION (0xc0000005) at pc=0x00007ffdd8733937]

VM state: not at safepoint (not fully initialized)

VM Mutex/Monitor currently owned by a thread:  ([mutex/lock_event])
[0x000001fb5e313cc0] Heap_lock - owner thread: 0x000001fb5e3190c0

Heap address: 0x0000000701800000, size: 4072 MB, Compressed Oops mode: Zero based, Oop shift amount: 3

CDS archive(s) mapped at: [0x0000000000000000-0x0000000000000000-0x0000000000000000), size 0, SharedBaseAddress: 0x0000000800000000, ArchiveRelocationMode: 1.
Narrow klass base: 0x0000000000000000, Narrow klass shift: 0, Narrow klass range: 0x0

GC Precious Log:
<Empty>

Heap:
 garbage-first heap   total 0K, used 0K [0x0000000701800000, 0x0000000800000000)
  region size 2048K, 0 young (0K), 0 survivors (0K)
 Metaspace       used 0K, committed 0K, reserved 0K
  class space    used 0K, committed 0K, reserved 0K

Heap Regions: E=young(eden), S=young(survivor), O=old, HS=humongous(starts), HC=humongous(continues), CS=collection set, F=free, OA=open archive, CA=closed archive, TAMS=top-at-mark-start (previous, next)

Card table byte_map: [0x000001fb715c0000,0x000001fb71dc0000] _byte_map_base: 0x000001fb6ddb4000

Marking Bits (Prev, Next): (CMBitMap*) 0x000001fb5e3862e0, (CMBitMap*) 0x000001fb5e386320
 Prev Bits: [0x000001fb725c0000, 0x000001fb76560000)
 Next Bits: [0x000001fb76560000, 0x000001fb7a500000)

GC Heap History (0 events):
No events

Dll operation events (1 events):
Event: 0.008 Loaded shared library C:\Program Files\JetBrains\IntelliJ IDEA 2023.1.3\jbr\bin\java.dll

Deoptimization events (0 events):
No events

Classes unloaded (0 events):
No events

Classes redefined (0 events):
No events

Internal exceptions (0 events):
No events

VM Operations (0 events):
No events

Events (0 events):
No events


Dynamic libraries:
0x00007ff6901e0000 - 0x00007ff6901ea000 	C:\Program Files\JetBrains\IntelliJ IDEA 2023.1.3\jbr\bin\java.exe
0x00007ffe52090000 - 0x00007ffe522a4000 	C:\WINDOWS\SYSTEM32\ntdll.dll
0x00007ffe51070000 - 0x00007ffe51134000 	C:\WINDOWS\System32\KERNEL32.DLL
0x00007ffe4f470000 - 0x00007ffe4f814000 	C:\WINDOWS\System32\KERNELBASE.dll
0x00007ffe4f850000 - 0x00007ffe4f961000 	C:\WINDOWS\System32\ucrtbase.dll
0x00007ffe2bf40000 - 0x00007ffe2bf57000 	C:\Program Files\JetBrains\IntelliJ IDEA 2023.1.3\jbr\bin\jli.dll
0x00007ffe3c3a0000 - 0x00007ffe3c3bb000 	C:\Program Files\JetBrains\IntelliJ IDEA 2023.1.3\jbr\bin\VCRUNTIME140.dll
0x00007ffe51240000 - 0x00007ffe513ea000 	C:\WINDOWS\System32\USER32.dll
0x00007ffe3a790000 - 0x00007ffe3aa1f000 	C:\WINDOWS\WinSxS\amd64_microsoft.windows.common-controls_6595b64144ccf1df_6.0.22621.2070_none_2713e6537381f706\COMCTL32.dll
0x00007ffe4f820000 - 0x00007ffe4f846000 	C:\WINDOWS\System32\win32u.dll
0x00007ffe52020000 - 0x00007ffe52049000 	C:\WINDOWS\System32\GDI32.dll
0x00007ffe51990000 - 0x00007ffe51a37000 	C:\WINDOWS\System32\msvcrt.dll
0x00007ffe4fad0000 - 0x00007ffe4fbe9000 	C:\WINDOWS\System32\gdi32full.dll
0x00007ffe4f970000 - 0x00007ffe4fa0a000 	C:\WINDOWS\System32\msvcp_win.dll
0x00007ffe51200000 - 0x00007ffe51231000 	C:\WINDOWS\System32\IMM32.DLL
0x00007ffe49830000 - 0x00007ffe4983c000 	C:\Program Files\JetBrains\IntelliJ IDEA 2023.1.3\jbr\bin\vcruntime140_1.dll
0x00007ffe2c4d0000 - 0x00007ffe2c55d000 	C:\Program Files\JetBrains\IntelliJ IDEA 2023.1.3\jbr\bin\msvcp140.dll
0x00007ffdd8440000 - 0x00007ffdd90c3000 	C:\Program Files\JetBrains\IntelliJ IDEA 2023.1.3\jbr\bin\server\jvm.dll
0x00007ffe50fb0000 - 0x00007ffe51060000 	C:\WINDOWS\System32\ADVAPI32.dll
0x00007ffe50d10000 - 0x00007ffe50db6000 	C:\WINDOWS\System32\sechost.dll
0x00007ffe51c40000 - 0x00007ffe51d57000 	C:\WINDOWS\System32\RPCRT4.dll
0x00007ffe4edc0000 - 0x00007ffe4ee0d000 	C:\WINDOWS\SYSTEM32\POWRPROF.dll
0x00007ffe48f70000 - 0x00007ffe48fa4000 	C:\WINDOWS\SYSTEM32\WINMM.dll
0x00007ffe367b0000 - 0x00007ffe367b9000 	C:\WINDOWS\SYSTEM32\WSOCK32.dll
0x00007ffe51b40000 - 0x00007ffe51bb1000 	C:\WINDOWS\System32\WS2_32.dll
0x00007ffe49310000 - 0x00007ffe4931a000 	C:\WINDOWS\SYSTEM32\VERSION.dll
0x00007ffe4ed30000 - 0x00007ffe4ed43000 	C:\WINDOWS\SYSTEM32\UMPDC.dll
0x00007ffe4e460000 - 0x00007ffe4e478000 	C:\WINDOWS\SYSTEM32\kernel.appcore.dll
0x00007ffe4c260000 - 0x00007ffe4c26a000 	C:\Program Files\JetBrains\IntelliJ IDEA 2023.1.3\jbr\bin\jimage.dll
0x00007ffe4cdf0000 - 0x00007ffe4d01e000 	C:\WINDOWS\SYSTEM32\DBGHELP.DLL
0x00007ffe515d0000 - 0x00007ffe5195a000 	C:\WINDOWS\System32\combase.dll
0x00007ffe50e40000 - 0x00007ffe50f17000 	C:\WINDOWS\System32\OLEAUT32.dll
0x00007ffe44140000 - 0x00007ffe44172000 	C:\WINDOWS\SYSTEM32\dbgcore.DLL
0x00007ffe4fd60000 - 0x00007ffe4fdda000 	C:\WINDOWS\System32\bcryptPrimitives.dll
0x00007ffe35f50000 - 0x00007ffe35f75000 	C:\Program Files\JetBrains\IntelliJ IDEA 2023.1.3\jbr\bin\java.dll

dbghelp: loaded successfully - version: 4.0.5 - missing functions: none
symbol engine: initialized successfully - sym options: 0x614 - pdb path: .;C:\Program Files\JetBrains\IntelliJ IDEA 2023.1.3\jbr\bin;C:\WINDOWS\SYSTEM32;C:\WINDOWS\WinSxS\amd64_microsoft.windows.common-controls_6595b64144ccf1df_6.0.22621.2070_none_2713e6537381f706;C:\Program Files\JetBrains\IntelliJ IDEA 2023.1.3\jbr\bin\server

VM Arguments:
java_command: git4idea.http.GitAskPassApp Username for 'https://github.com': 
java_class_path (initial): C:/Program Files/JetBrains/IntelliJ IDEA 2023.1.3/plugins/vcs-git/lib/git4idea-rt.jar;C:/Program Files/JetBrains/IntelliJ IDEA 2023.1.3/lib/externalProcess-rt.jar
Launcher Type: SUN_STANDARD

[Global flags]
     intx CICompilerCount                          = 4                                         {product} {ergonomic}
     uint ConcGCThreads                            = 2                                         {product} {ergonomic}
     uint G1ConcRefinementThreads                  = 8                                         {product} {ergonomic}
   size_t G1HeapRegionSize                         = 2097152                                   {product} {ergonomic}
    uintx GCDrainStackTargetSize                   = 64                                        {product} {ergonomic}
   size_t InitialHeapSize                          = 268435456                                 {product} {ergonomic}
   size_t MarkStackSize                            = 4194304                                   {product} {ergonomic}
   size_t MaxHeapSize                              = 4269801472                                {product} {ergonomic}
   size_t MinHeapDeltaBytes                        = 2097152                                   {product} {ergonomic}
   size_t MinHeapSize                              = 8388608                                   {product} {ergonomic}
    uintx NonNMethodCodeHeapSize                   = 5839372                                {pd product} {ergonomic}
    uintx NonProfiledCodeHeapSize                  = 122909434                              {pd product} {ergonomic}
    uintx ProfiledCodeHeapSize                     = 122909434                              {pd product} {ergonomic}
    uintx ReservedCodeCacheSize                    = 251658240                              {pd product} {ergonomic}
     bool SegmentedCodeCache                       = true                                      {product} {ergonomic}
   size_t SoftMaxHeapSize                          = 4269801472                             {manageable} {ergonomic}
     bool UseCompressedClassPointers               = true                           {product lp64_product} {ergonomic}
     bool UseCompressedOops                        = true                           {product lp64_product} {ergonomic}
     bool UseG1GC                                  = true                                      {product} {ergonomic}
     bool UseLargePagesIndividualAllocation        = false                                  {pd product} {ergonomic}

Logging:
Log output configuration:
 #0: stdout all=warning uptime,level,tags
 #1: stderr all=off uptime,level,tags

Environment Variables:
JAVA_HOME=C:\Users\Sabrina\.jdks\openjdk-20.0.2
PATH=C:\Program Files\Git\mingw64\libexec\git-core;C:\Program Files\Git\mingw64\libexec\git-core;C:\Program Files\Git\mingw64\bin;C:\Program Files\Git\usr\bin;C:\Users\Sabrina\bin;C:\program files\common files\oracle\java\javapath;C:\windows\system32;C:\windows;C:\windows\system32\wbem;C:\windows\system32\windowspowershell\v1.0;C:\windows\system32\openssh;C:\program files\git\cmd;C:\mingw\bin;C:\users\sabrina\.jdks\openjdk-20.0.2\bin;C:\programdata\chocolatey\bin;C:\program files\nodejs;C:\program files\nvidia corporation\nvidia nvdlisr;C:\Program Files (x86)\NVIDIA Corporation\PhysX\Common;C:\Users\Sabrina\AppData\Local\Programs\Python\Python310\Scripts;C:\Users\Sabrina\AppData\Local\Programs\Python\Python310;C:\Users\Sabrina\AppData\Local\Microsoft\WindowsApps;C:\Program Files\JetBrains\IntelliJ IDEA 2023.1.3\bin;C:\Program Files\JetBrains\DataSpell 2023.2.2\bin;C:\Users\Sabrina\AppData\Roaming\npm;C:\Users\Sabrina\AppData\Local\JetBrains\Toolbox\scripts
USERNAME=Sabrina
DISPLAY=:0.0
LC_ALL=en_US.UTF-8
TERM=xterm-256color
TMPDIR=C:\Users\Sabrina\AppData\Local\Temp
OS=Windows_NT
PROCESSOR_IDENTIFIER=Intel64 Family 6 Model 158 Stepping 9, GenuineIntel
TMP=C:\Users\Sabrina\AppData\Local\Temp
TEMP=C:\Users\Sabrina\AppData\Local\Temp



Periodic native trim disabled

JNI global refs:
JNI global refs: 0, weak refs: 0

JNI global refs memory usage: 0, weak refs: 0

OOME stack traces (most recent first):
Classloader memory used:


---------------  S Y S T E M  ---------------

OS:
 Windows 11 , 64 bit Build 22621 (10.0.22621.2070)
OS uptime: 0 days 5:23 hours

CPU: total 8 (initial active 8) (4 cores per cpu, 2 threads per core) family 6 model 158 stepping 9 microcode 0xf4, cx8, cmov, fxsr, ht, mmx, 3dnowpref, sse, sse2, sse3, ssse3, sse4.1, sse4.2, popcnt, lzcnt, tsc, tscinvbit, avx, avx2, aes, erms, clmul, bmi1, bmi2, rtm, adx, fma, vzeroupper, clflush, clflushopt
Processor Information for all 8 processors :
  Max Mhz: 2801, Current Mhz: 2801, Mhz Limit: 2801

Memory: 4k page, system-wide physical 16281M (5990M free)
TotalPageFile size 16281M (AvailPageFile size 302M)
current process WorkingSet (physical memory assigned to process): 11M, peak: 11M
current process commit charge ("private bytes"): 60M, peak: 316M

vm_info: OpenJDK 64-Bit Server VM (17.0.9+7-b1087.7) for windows-amd64 JRE (17.0.9+7-b1087.7), built on 2023-11-17 by "builduser" with MS VC++ 16.10 / 16.11 (VS2019)

END.
